2025-05-09 10:22:51 +03:00 [INF] (Microsoft.AspNetCore.DataProtection.KeyManagement.XmlKeyManager) User profile is available. Using 'C:\Users\hwokwera\AppData\Local\ASP.NET\DataProtection-Keys' as key repository and Windows DPAPI to encrypt keys at rest.
2025-05-09 10:22:52 +03:00 [INF] (Microsoft.Hosting.Lifetime) Now listening on: https://localhost:7170
2025-05-09 10:22:52 +03:00 [INF] (Microsoft.Hosting.Lifetime) Now listening on: http://localhost:5099
2025-05-09 10:22:52 +03:00 [INF] (Microsoft.AspNetCore.Mvc.Infrastructure.DefaultActionDescriptorCollectionProvider) No action descriptors found. This may indicate an incorrectly configured application or missing application parts. To learn more, visit https://aka.ms/aspnet/mvc/app-parts
2025-05-09 10:22:52 +03:00 [INF] (Microsoft.Hosting.Lifetime) Application started. Press Ctrl+C to shut down.
2025-05-09 10:22:52 +03:00 [INF] (Microsoft.Hosting.Lifetime) Hosting environment: Development
2025-05-09 10:22:52 +03:00 [INF] (Microsoft.Hosting.Lifetime) Content root path: D:\system\core\Emata\Emata.API
2025-05-09 10:22:53 +03:00 [INF] (Microsoft.AspNetCore.Hosting.Diagnostics) Request starting HTTP/2 GET https://localhost:7170/swagger - null null
2025-05-09 10:22:54 +03:00 [INF] (Microsoft.AspNetCore.Hosting.Diagnostics) Request finished HTTP/2 GET https://localhost:7170/swagger - 302 0 null 193.7786ms
2025-05-09 10:22:54 +03:00 [INF] (Microsoft.AspNetCore.Hosting.Diagnostics) Request starting HTTP/2 GET https://localhost:7170/swagger/index.html - null null
2025-05-09 10:22:54 +03:00 [INF] (Microsoft.AspNetCore.Hosting.Diagnostics) Request finished HTTP/2 GET https://localhost:7170/swagger/index.html - 200 null text/html; charset=utf-8 30.156ms
2025-05-09 10:22:54 +03:00 [INF] (Microsoft.AspNetCore.Hosting.Diagnostics) Request starting HTTP/2 GET https://localhost:7170/_framework/aspnetcore-browser-refresh.js - null null
2025-05-09 10:22:54 +03:00 [INF] (Microsoft.AspNetCore.Hosting.Diagnostics) Request finished HTTP/2 GET https://localhost:7170/_framework/aspnetcore-browser-refresh.js - 200 16503 application/javascript; charset=utf-8 7.4101ms
2025-05-09 10:22:54 +03:00 [INF] (Microsoft.AspNetCore.Hosting.Diagnostics) Request starting HTTP/2 GET https://localhost:7170/swagger/v1/swagger.json - null null
2025-05-09 10:22:54 +03:00 [INF] (Microsoft.AspNetCore.Hosting.Diagnostics) Request finished HTTP/2 GET https://localhost:7170/swagger/v1/swagger.json - 200 null application/json; charset=utf-8 116.0087ms
2025-05-09 10:53:02 +03:00 [WRN] (Microsoft.EntityFrameworkCore.Model.Validation) The property 'Question.Options' is a collection or enumeration type with a value converter but with no value comparer. Set a value comparer to ensure the collection/enumeration elements are compared correctly.
2025-05-09 10:53:02 +03:00 [WRN] (Microsoft.EntityFrameworkCore.Model.Validation) The property 'Question.Options' is a collection or enumeration type with a value converter but with no value comparer. Set a value comparer to ensure the collection/enumeration elements are compared correctly.
2025-05-09 10:56:08 +03:00 [WRN] (Microsoft.EntityFrameworkCore.Model.Validation) The property 'Question.Options' is a collection or enumeration type with a value converter but with no value comparer. Set a value comparer to ensure the collection/enumeration elements are compared correctly.
2025-05-09 10:56:09 +03:00 [INF] (Microsoft.EntityFrameworkCore.Database.Command) Executed DbCommand (37ms) [Parameters=[], CommandType='"Text"', CommandTimeout='30']
SELECT EXISTS (
    SELECT 1 FROM pg_catalog.pg_class c
    JOIN pg_catalog.pg_namespace n ON n.oid=c.relnamespace
    WHERE n.nspname='public' AND
          c.relname='__EFMigrationsHistory'
)
2025-05-09 10:56:09 +03:00 [INF] (Microsoft.EntityFrameworkCore.Database.Command) Executed DbCommand (5ms) [Parameters=[], CommandType='"Text"', CommandTimeout='30']
SELECT EXISTS (
    SELECT 1 FROM pg_catalog.pg_class c
    JOIN pg_catalog.pg_namespace n ON n.oid=c.relnamespace
    WHERE n.nspname='public' AND
          c.relname='__EFMigrationsHistory'
)
2025-05-09 10:56:09 +03:00 [INF] (Microsoft.EntityFrameworkCore.Database.Command) Executed DbCommand (71ms) [Parameters=[], CommandType='"Text"', CommandTimeout='30']
CREATE TABLE "__EFMigrationsHistory" (
    "MigrationId" character varying(150) NOT NULL,
    "ProductVersion" character varying(32) NOT NULL,
    CONSTRAINT "PK___EFMigrationsHistory" PRIMARY KEY ("MigrationId")
);
2025-05-09 10:56:10 +03:00 [INF] (Microsoft.EntityFrameworkCore.Database.Command) Executed DbCommand (1ms) [Parameters=[], CommandType='"Text"', CommandTimeout='30']
SELECT EXISTS (
    SELECT 1 FROM pg_catalog.pg_class c
    JOIN pg_catalog.pg_namespace n ON n.oid=c.relnamespace
    WHERE n.nspname='public' AND
          c.relname='__EFMigrationsHistory'
)
2025-05-09 10:56:10 +03:00 [INF] (Microsoft.EntityFrameworkCore.Database.Command) Executed DbCommand (11ms) [Parameters=[], CommandType='"Text"', CommandTimeout='30']
SELECT "MigrationId", "ProductVersion"
FROM "__EFMigrationsHistory"
ORDER BY "MigrationId";
2025-05-09 10:56:10 +03:00 [INF] (Microsoft.EntityFrameworkCore.Migrations) Applying migration '20250509075303_InitialCreate'.
2025-05-09 10:56:10 +03:00 [INF] (Microsoft.EntityFrameworkCore.Database.Command) Executed DbCommand (20ms) [Parameters=[], CommandType='"Text"', CommandTimeout='30']
CREATE TABLE "Questions" (
    "Id" uuid NOT NULL,
    "Text" character varying(100) NOT NULL,
    "Options" text NOT NULL,
    "CorrectOptionIndex" integer NOT NULL,
    "Category" text,
    "DifficultyLevel" character varying(50) NOT NULL,
    CONSTRAINT "PK_Questions" PRIMARY KEY ("Id")
);
2025-05-09 10:56:10 +03:00 [INF] (Microsoft.EntityFrameworkCore.Database.Command) Executed DbCommand (15ms) [Parameters=[], CommandType='"Text"', CommandTimeout='30']
CREATE TABLE "TestSessions" (
    "Id" uuid NOT NULL,
    "StartTime" timestamp without time zone NOT NULL,
    "IsCompleted" boolean NOT NULL,
    "UserAnswersJson" text NOT NULL,
    CONSTRAINT "PK_TestSessions" PRIMARY KEY ("Id")
);
2025-05-09 10:56:10 +03:00 [INF] (Microsoft.EntityFrameworkCore.Database.Command) Executed DbCommand (20ms) [Parameters=[], CommandType='"Text"', CommandTimeout='30']
CREATE TABLE "TestResults" (
    "Id" uuid NOT NULL,
    "SessionId" uuid NOT NULL,
    "CompletedAt" timestamp without time zone NOT NULL,
    "TotalQuestions" integer NOT NULL,
    "CorrectAnswers" integer NOT NULL,
    "TimeTaken" interval NOT NULL,
    CONSTRAINT "PK_TestResults" PRIMARY KEY ("Id"),
    CONSTRAINT "FK_TestResults_TestSessions_SessionId" FOREIGN KEY ("SessionId") REFERENCES "TestSessions" ("Id") ON DELETE CASCADE
);
2025-05-09 10:56:10 +03:00 [INF] (Microsoft.EntityFrameworkCore.Database.Command) Executed DbCommand (12ms) [Parameters=[], CommandType='"Text"', CommandTimeout='30']
CREATE TABLE "TestSessionQuestions" (
    "Id" uuid NOT NULL,
    "SessionId" uuid NOT NULL,
    "QuestionId" uuid NOT NULL,
    "OrderIndex" integer NOT NULL,
    CONSTRAINT "PK_TestSessionQuestions" PRIMARY KEY ("Id"),
    CONSTRAINT "FK_TestSessionQuestions_Questions_QuestionId" FOREIGN KEY ("QuestionId") REFERENCES "Questions" ("Id") ON DELETE CASCADE,
    CONSTRAINT "FK_TestSessionQuestions_TestSessions_SessionId" FOREIGN KEY ("SessionId") REFERENCES "TestSessions" ("Id") ON DELETE CASCADE
);
2025-05-09 10:56:10 +03:00 [INF] (Microsoft.EntityFrameworkCore.Database.Command) Executed DbCommand (15ms) [Parameters=[], CommandType='"Text"', CommandTimeout='30']
INSERT INTO "Questions" ("Id", "Category", "CorrectOptionIndex", "DifficultyLevel", "Options", "Text")
VALUES ('2d9dd2d0-25ce-47b4-9a2c-c6adb9024b61', 'Data Structures', 1, 'Medium', 'Queue;Stack;Linked List;Tree;Graph', 'Which data structure operates on a LIFO principle?');
INSERT INTO "Questions" ("Id", "Category", "CorrectOptionIndex", "DifficultyLevel", "Options", "Text")
VALUES ('3a049314-b09a-411d-ba3d-b71a989444d6', 'Algorithms', 4, 'Easy', 'O(1);O(log n);O(n);O(n log n);O(n²)', 'Which Big O notation represents the worst performance?');
INSERT INTO "Questions" ("Id", "Category", "CorrectOptionIndex", "DifficultyLevel", "Options", "Text")
VALUES ('53f6a56b-e80b-4992-8168-0e14710e6c6d', 'Networking', 0, 'Hard', 'Hypertext Transfer Protocol;Hypertext Test Protocol;Hyper Transfer Text Protocol;High Transfer Text Protocol;Hypertext Transfer Procedure', 'What does HTTP stand for?');
INSERT INTO "Questions" ("Id", "Category", "CorrectOptionIndex", "DifficultyLevel", "Options", "Text")
VALUES ('6f9d50a7-d740-4d92-8ee9-7a4d4e05351e', 'Geography', 2, 'Hard', 'London;Berlin;Paris;Madrid;Rome', 'What is the capital of France?');
INSERT INTO "Questions" ("Id", "Category", "CorrectOptionIndex", "DifficultyLevel", "Options", "Text")
VALUES ('b31f62f5-bba8-4582-b19b-1400d90efbdd', 'Mathematics', 1, 'Hard', '12;19;24;14;None of the above', 'What is the result of 5 + 7 * 2?');
INSERT INTO "Questions" ("Id", "Category", "CorrectOptionIndex", "DifficultyLevel", "Options", "Text")
VALUES ('cc4f86fe-9789-49fc-9fe5-ebf73485f315', 'Programming', 2, 'Medium', 'if (x > y) {};if x > y {};if x > y:;if (x > y):;if x > y then', 'What is the correct syntax for an if statement in Python?');
INSERT INTO "Questions" ("Id", "Category", "CorrectOptionIndex", "DifficultyLevel", "Options", "Text")
VALUES ('cce917bd-c030-4281-9538-7bd8a88440e5', 'Database', 2, 'Easy', 'It can contain NULL values;It can have duplicate values;It uniquely identifies each record in a table;It can be modified easily;It allows multiple columns with the same name', 'Which of the following is a primary key constraint in SQL?');
INSERT INTO "Questions" ("Id", "Category", "CorrectOptionIndex", "DifficultyLevel", "Options", "Text")
VALUES ('d72e0d79-ee81-4989-82c8-b1fd322597eb', 'Programming', 3, 'Medium', 'Angular;React;Vue;Laravel;Svelte', 'Which of these is not a JavaScript framework?');
INSERT INTO "Questions" ("Id", "Category", "CorrectOptionIndex", "DifficultyLevel", "Options", "Text")
VALUES ('e0b423bf-d15f-4dee-b321-6eed79de9049', 'Programming', 4, 'Medium', 'int;float;char;string;variant', 'Which of the following is not a valid C# data type?');
INSERT INTO "Questions" ("Id", "Category", "CorrectOptionIndex", "DifficultyLevel", "Options", "Text")
VALUES ('fa17bb2c-b9ff-4b79-891b-3c4a969ef116', 'Mathematics', 0, 'Hard', '11;20;14;5;None of the above', 'What is the result of 3 + 2 * 4?');
2025-05-09 10:56:10 +03:00 [INF] (Microsoft.EntityFrameworkCore.Database.Command) Executed DbCommand (15ms) [Parameters=[], CommandType='"Text"', CommandTimeout='30']
CREATE UNIQUE INDEX "IX_TestResults_SessionId" ON "TestResults" ("SessionId");
2025-05-09 10:56:10 +03:00 [INF] (Microsoft.EntityFrameworkCore.Database.Command) Executed DbCommand (10ms) [Parameters=[], CommandType='"Text"', CommandTimeout='30']
CREATE INDEX "IX_TestSessionQuestions_QuestionId" ON "TestSessionQuestions" ("QuestionId");
2025-05-09 10:56:10 +03:00 [INF] (Microsoft.EntityFrameworkCore.Database.Command) Executed DbCommand (10ms) [Parameters=[], CommandType='"Text"', CommandTimeout='30']
CREATE INDEX "IX_TestSessionQuestions_SessionId" ON "TestSessionQuestions" ("SessionId");
2025-05-09 10:56:10 +03:00 [INF] (Microsoft.EntityFrameworkCore.Database.Command) Executed DbCommand (1ms) [Parameters=[], CommandType='"Text"', CommandTimeout='30']
INSERT INTO "__EFMigrationsHistory" ("MigrationId", "ProductVersion")
VALUES ('20250509075303_InitialCreate', '8.0.10');
